# JRE version: OpenJDK Runtime Environment (8.0_202-b03) (build 1.8.0_202-release-1483-b03)
# Java VM: OpenJDK 64-Bit Server VM (25.202-b03 mixed mode windows-amd64 compressed oops)
Heap:
 PSYoungGen      total 232960K, used 95108K [0x00000000e0000000, 0x00000000ef780000, 0x0000000100000000)
  eden space 221696K, 42% used [0x00000000e0000000,0x00000000e5ce1230,0x00000000ed880000)
  from space 11264K, 0% used [0x00000000eec80000,0x00000000eec80000,0x00000000ef780000)
  to   space 15872K, 0% used [0x00000000ed880000,0x00000000ed880000,0x00000000ee800000)
 ParOldGen       total 89600K, used 17929K [0x00000000a0000000, 0x00000000a5780000, 0x00000000e0000000)
  object space 89600K, 20% used [0x00000000a0000000,0x00000000a1182598,0x00000000a5780000)
 Metaspace       used 42622K, capacity 43394K, committed 43608K, reserved 1087488K
  class space    used 5691K, capacity 5921K, committed 5976K, reserved 1048576K
GC Heap History (10 events):
Event: 11.324 GC heap before
{Heap before GC invocations=4 (full 0):
 PSYoungGen      total 71680K, used 35706K [0x00000000e0000000, 0x00000000e8c00000, 0x0000000100000000)
  eden space 66560K, 45% used [0x00000000e0000000,0x00000000e1dde940,0x00000000e4100000)
  from space 5120K, 100% used [0x00000000e4100000,0x00000000e4600000,0x00000000e4600000)
  to   space 5120K, 0% used [0x00000000e8700000,0x00000000e8700000,0x00000000e8c00000)
 ParOldGen       total 87552K, used 5482K [0x00000000a0000000, 0x00000000a5580000, 0x00000000e0000000)
  object space 87552K, 6% used [0x00000000a0000000,0x00000000a055a970,0x00000000a5580000)
 Metaspace       used 20758K, capacity 21160K, committed 21248K, reserved 1067008K
  class space    used 2895K, capacity 3042K, committed 3072K, reserved 1048576K
Event: 11.375 GC heap after
Heap after GC invocations=4 (full 0):
 PSYoungGen      total 138240K, used 5091K [0x00000000e0000000, 0x00000000e8c00000, 0x0000000100000000)
  eden space 133120K, 0% used [0x00000000e0000000,0x00000000e0000000,0x00000000e8200000)
  from space 5120K, 99% used [0x00000000e8700000,0x00000000e8bf8f08,0x00000000e8c00000)
  to   space 5120K, 0% used [0x00000000e8200000,0x00000000e8200000,0x00000000e8700000)
 ParOldGen       total 87552K, used 9497K [0x00000000a0000000, 0x00000000a5580000, 0x00000000e0000000)
  object space 87552K, 10% used [0x00000000a0000000,0x00000000a0946450,0x00000000a5580000)
 Metaspace       used 20758K, capacity 21160K, committed 21248K, reserved 1067008K
  class space    used 2895K, capacity 3042K, committed 3072K, reserved 1048576K
}
Event: 11.375 GC heap before
{Heap before GC invocations=5 (full 1):
 PSYoungGen      total 138240K, used 5091K [0x00000000e0000000, 0x00000000e8c00000, 0x0000000100000000)
  eden space 133120K, 0% used [0x00000000e0000000,0x00000000e0000000,0x00000000e8200000)
  from space 5120K, 99% used [0x00000000e8700000,0x00000000e8bf8f08,0x00000000e8c00000)
  to   space 5120K, 0% used [0x00000000e8200000,0x00000000e8200000,0x00000000e8700000)
 ParOldGen       total 87552K, used 9497K [0x00000000a0000000, 0x00000000a5580000, 0x00000000e0000000)
  object space 87552K, 10% used [0x00000000a0000000,0x00000000a0946450,0x00000000a5580000)
 Metaspace       used 20758K, capacity 21160K, committed 21248K, reserved 1067008K
  class space    used 2895K, capacity 3042K, committed 3072K, reserved 1048576K
Event: 11.450 GC heap after
Heap after GC invocations=5 (full 1):
 PSYoungGen      total 138240K, used 0K [0x00000000e0000000, 0x00000000e8c00000, 0x0000000100000000)
  eden space 133120K, 0% used [0x00000000e0000000,0x00000000e0000000,0x00000000e8200000)
  from space 5120K, 0% used [0x00000000e8700000,0x00000000e8700000,0x00000000e8c00000)
  to   space 5120K, 0% used [0x00000000e8200000,0x00000000e8200000,0x00000000e8700000)
 ParOldGen       total 57856K, used 9187K [0x00000000a0000000, 0x00000000a3880000, 0x00000000e0000000)
  object space 57856K, 15% used [0x00000000a0000000,0x00000000a08f8c70,0x00000000a3880000)
 Metaspace       used 20758K, capacity 21160K, committed 21248K, reserved 1067008K
  class space    used 2895K, capacity 3042K, committed 3072K, reserved 1048576K
}
Event: 16.989 GC heap before
{Heap before GC invocations=6 (full 1):
 PSYoungGen      total 138240K, used 133120K [0x00000000e0000000, 0x00000000e8c00000, 0x0000000100000000)
  eden space 133120K, 100% used [0x00000000e0000000,0x00000000e8200000,0x00000000e8200000)
  from space 5120K, 0% used [0x00000000e8700000,0x00000000e8700000,0x00000000e8c00000)
  to   space 5120K, 0% used [0x00000000e8200000,0x00000000e8200000,0x00000000e8700000)
 ParOldGen       total 57856K, used 9187K [0x00000000a0000000, 0x00000000a3880000, 0x00000000e0000000)
  object space 57856K, 15% used [0x00000000a0000000,0x00000000a08f8c70,0x00000000a3880000)
 Metaspace       used 32484K, capacity 33138K, committed 33280K, reserved 1077248K
  class space    used 4374K, capacity 4569K, committed 4608K, reserved 1048576K
Event: 17.012 GC heap after
Heap after GC invocations=6 (full 1):
 PSYoungGen      total 138240K, used 5104K [0x00000000e0000000, 0x00000000efc00000, 0x0000000100000000)
  eden space 133120K, 0% used [0x00000000e0000000,0x00000000e0000000,0x00000000e8200000)
  from space 5120K, 99% used [0x00000000e8200000,0x00000000e86fc010,0x00000000e8700000)
  to   space 15872K, 0% used [0x00000000eec80000,0x00000000eec80000,0x00000000efc00000)
 ParOldGen       total 57856K, used 18319K [0x00000000a0000000, 0x00000000a3880000, 0x00000000e0000000)
  object space 57856K, 31% used [0x00000000a0000000,0x00000000a11e3c70,0x00000000a3880000)
 Metaspace       used 32484K, capacity 33138K, committed 33280K, reserved 1077248K
  class space    used 4374K, capacity 4569K, committed 4608K, reserved 1048576K
}
Event: 19.734 GC heap before
{Heap before GC invocations=7 (full 1):
 PSYoungGen      total 138240K, used 61451K [0x00000000e0000000, 0x00000000efc00000, 0x0000000100000000)
  eden space 133120K, 42% used [0x00000000e0000000,0x00000000e3706dc8,0x00000000e8200000)
  from space 5120K, 99% used [0x00000000e8200000,0x00000000e86fc010,0x00000000e8700000)
  to   space 15872K, 0% used [0x00000000eec80000,0x00000000eec80000,0x00000000efc00000)
 ParOldGen       total 57856K, used 18319K [0x00000000a0000000, 0x00000000a3880000, 0x00000000e0000000)
  object space 57856K, 31% used [0x00000000a0000000,0x00000000a11e3c70,0x00000000a3880000)
 Metaspace       used 34709K, capacity 35364K, committed 35416K, reserved 1079296K
  class space    used 4735K, capacity 4926K, committed 4952K, reserved 1048576K
Event: 19.752 GC heap after
Heap after GC invocations=7 (full 1):
 PSYoungGen      total 232960K, used 10055K [0x00000000e0000000, 0x00000000ef780000, 0x0000000100000000)
  eden space 221696K, 0% used [0x00000000e0000000,0x00000000e0000000,0x00000000ed880000)
  from space 11264K, 89% used [0x00000000eec80000,0x00000000ef651f98,0x00000000ef780000)
  to   space 15872K, 0% used [0x00000000ed880000,0x00000000ed880000,0x00000000ee800000)
 ParOldGen       total 57856K, used 18327K [0x00000000a0000000, 0x00000000a3880000, 0x00000000e0000000)
  object space 57856K, 31% used [0x00000000a0000000,0x00000000a11e5c70,0x00000000a3880000)
 Metaspace       used 34709K, capacity 35364K, committed 35416K, reserved 1079296K
  class space    used 4735K, capacity 4926K, committed 4952K, reserved 1048576K
}
Event: 19.752 GC heap before
{Heap before GC invocations=8 (full 2):
 PSYoungGen      total 232960K, used 10055K [0x00000000e0000000, 0x00000000ef780000, 0x0000000100000000)
  eden space 221696K, 0% used [0x00000000e0000000,0x00000000e0000000,0x00000000ed880000)
  from space 11264K, 89% used [0x00000000eec80000,0x00000000ef651f98,0x00000000ef780000)
  to   space 15872K, 0% used [0x00000000ed880000,0x00000000ed880000,0x00000000ee800000)
 ParOldGen       total 57856K, used 18327K [0x00000000a0000000, 0x00000000a3880000, 0x00000000e0000000)
  object space 57856K, 31% used [0x00000000a0000000,0x00000000a11e5c70,0x00000000a3880000)
 Metaspace       used 34709K, capacity 35364K, committed 35416K, reserved 1079296K
  class space    used 4735K, capacity 4926K, committed 4952K, reserved 1048576K
Event: 19.879 GC heap after
Heap after GC invocations=8 (full 2):
 PSYoungGen      total 232960K, used 0K [0x00000000e0000000, 0x00000000ef780000, 0x0000000100000000)
  eden space 221696K, 0% used [0x00000000e0000000,0x00000000e0000000,0x00000000ed880000)
  from space 11264K, 0% used [0x00000000eec80000,0x00000000eec80000,0x00000000ef780000)
  to   space 15872K, 0% used [0x00000000ed880000,0x00000000ed880000,0x00000000ee800000)
 ParOldGen       total 89600K, used 17929K [0x00000000a0000000, 0x00000000a5780000, 0x00000000e0000000)
  object space 89600K, 20% used [0x00000000a0000000,0x00000000a1182598,0x00000000a5780000)
 Metaspace       used 34664K, capacity 35264K, committed 35416K, reserved 1079296K
  class space    used 4723K, capacity 4914K, committed 4952K, reserved 1048576K
}

